<?xml version="1.0" encoding="UTF-8"?>
<!-- Generated by org.testng.reporters.JUnitReportReporter -->
<testsuite hostname="guru" failures="0" tests="1" name="com.cucumberOptions.TestNGRunnerClass" time="2.906" errors="0" timestamp="2024-12-27T14:09:54 IST" skipped="0">
  <testcase classname="com.cucumberOptions.TestNGRunnerClass" name="runScenario" time="2.906"/>
</testsuite> <!-- com.cucumberOptions.TestNGRunnerClass -->
